<?xml version='1.0' encoding='UTF-8' ?>
<testsuite name="com.example.schulde.ExampleInstrumentedTest" tests="1" failures="1" errors="0" skipped="0" time="13.799" timestamp="2023-12-26T23:34:17" hostname="localhost">
  <properties>
    <property name="device" value="Pixel_API_29(AVD) - 10" />
    <property name="flavor" value="" />
    <property name="project" value=":app" />
  </properties>
  <testcase name="showElement" classname="com.example.schulde.ExampleInstrumentedTest" time="7.207">
    <failure>java.lang.AssertionError: No node found that matches Text + EditableText contains 'Ирина' (ignoreCase: false) in scrollable container
Semantics of the node:
Node #2 at (l=0.0, t=63.0, r=0.0, b=63.0)px, Tag: 'lazyTag'
VerticalScrollAxisRange = 'ScrollAxisRange(value=0.0, maxValue=0.0, reverseScrolling=false)'
CollectionInfo = 'androidx.compose.ui.semantics.CollectionInfo&#64;16beab6'
Actions = [IndexForKey, ScrollBy, ScrollToIndex]
Selector used: (TestTag = 'lazyTag')

at androidx.compose.ui.test.ActionsKt.performScrollToNode(Actions.kt:249)
at com.example.schulde.ExampleInstrumentedTest.showElement(ExampleInstrumentedTest.kt:50)</failure>
  </testcase>
</testsuite>